mode: set
github.com/xsean2020/simplecache-go/sharded.go:35.42,42.12 2 1
github.com/xsean2020/simplecache-go/sharded.go:51.2,51.15 1 1
github.com/xsean2020/simplecache-go/sharded.go:63.2,63.22 1 1
github.com/xsean2020/simplecache-go/sharded.go:42.12,43.15 1 1
github.com/xsean2020/simplecache-go/sharded.go:43.15,49.4 5 1
github.com/xsean2020/simplecache-go/sharded.go:52.9,52.9 0 1
github.com/xsean2020/simplecache-go/sharded.go:53.9,54.30 1 1
github.com/xsean2020/simplecache-go/sharded.go:55.9,57.32 2 1
github.com/xsean2020/simplecache-go/sharded.go:58.9,61.32 3 1
github.com/xsean2020/simplecache-go/sharded.go:66.44,68.2 1 1
github.com/xsean2020/simplecache-go/sharded.go:70.69,72.2 1 1
github.com/xsean2020/simplecache-go/sharded.go:74.49,76.2 1 0
github.com/xsean2020/simplecache-go/sharded.go:78.54,80.2 1 0
github.com/xsean2020/simplecache-go/sharded.go:82.42,84.2 1 0
github.com/xsean2020/simplecache-go/sharded.go:86.32,87.26 1 0
github.com/xsean2020/simplecache-go/sharded.go:87.26,89.3 1 0
github.com/xsean2020/simplecache-go/sharded.go:97.46,99.26 2 0
github.com/xsean2020/simplecache-go/sharded.go:102.2,102.11 1 0
github.com/xsean2020/simplecache-go/sharded.go:99.26,101.3 1 0
github.com/xsean2020/simplecache-go/sharded.go:105.33,106.26 1 0
github.com/xsean2020/simplecache-go/sharded.go:106.26,108.3 1 0
github.com/xsean2020/simplecache-go/sharded.go:111.60,112.26 1 0
github.com/xsean2020/simplecache-go/sharded.go:112.26,114.3 1 0
github.com/xsean2020/simplecache-go/sharded.go:117.61,121.16 4 1
github.com/xsean2020/simplecache-go/sharded.go:127.2,133.25 2 1
github.com/xsean2020/simplecache-go/sharded.go:140.2,140.11 1 1
github.com/xsean2020/simplecache-go/sharded.go:121.16,124.3 2 0
github.com/xsean2020/simplecache-go/sharded.go:124.8,126.3 1 1
github.com/xsean2020/simplecache-go/sharded.go:133.25,139.3 2 1
github.com/xsean2020/simplecache-go/sharded.go:143.53,145.6 2 0
github.com/xsean2020/simplecache-go/sharded.go:145.6,146.10 1 0
github.com/xsean2020/simplecache-go/sharded.go:147.19,148.28 1 0
github.com/xsean2020/simplecache-go/sharded.go:151.18,153.10 2 0
github.com/xsean2020/simplecache-go/sharded.go:148.28,150.5 1 0
github.com/xsean2020/simplecache-go/sharded.go:158.93,159.28 1 1
github.com/xsean2020/simplecache-go/sharded.go:162.2,164.25 3 1
github.com/xsean2020/simplecache-go/sharded.go:170.2,170.11 1 1
github.com/xsean2020/simplecache-go/sharded.go:159.28,161.3 1 1
github.com/xsean2020/simplecache-go/sharded.go:164.25,166.51 2 0
github.com/xsean2020/simplecache-go/sharded.go:166.51,168.4 1 0
github.com/xsean2020/simplecache-go/ttl.go:43.65,46.28 2 1
github.com/xsean2020/simplecache-go/ttl.go:49.2,49.11 1 1
github.com/xsean2020/simplecache-go/ttl.go:52.2,53.33 2 1
github.com/xsean2020/simplecache-go/ttl.go:64.2,64.12 1 1
github.com/xsean2020/simplecache-go/ttl.go:46.28,48.3 1 1
github.com/xsean2020/simplecache-go/ttl.go:49.11,51.3 1 1
github.com/xsean2020/simplecache-go/ttl.go:53.33,57.3 3 0
github.com/xsean2020/simplecache-go/ttl.go:57.8,61.3 3 1
github.com/xsean2020/simplecache-go/ttl.go:67.65,69.28 2 0
github.com/xsean2020/simplecache-go/ttl.go:72.2,72.11 1 0
github.com/xsean2020/simplecache-go/ttl.go:76.2,76.33 1 0
github.com/xsean2020/simplecache-go/ttl.go:69.28,71.3 1 0
github.com/xsean2020/simplecache-go/ttl.go:72.11,74.3 1 0
github.com/xsean2020/simplecache-go/ttl.go:76.33,80.3 3 0
github.com/xsean2020/simplecache-go/ttl.go:80.8,84.3 3 0
github.com/xsean2020/simplecache-go/ttl.go:89.39,93.2 3 0
github.com/xsean2020/simplecache-go/ttl.go:96.36,101.2 4 0
github.com/xsean2020/simplecache-go/ttl.go:105.46,109.12 3 1
github.com/xsean2020/simplecache-go/ttl.go:114.2,115.25 2 1
github.com/xsean2020/simplecache-go/ttl.go:121.2,122.25 2 1
github.com/xsean2020/simplecache-go/ttl.go:109.12,112.3 2 1
github.com/xsean2020/simplecache-go/ttl.go:115.25,116.46 1 1
github.com/xsean2020/simplecache-go/ttl.go:116.46,119.4 2 0
github.com/xsean2020/simplecache-go/ttl.go:129.71,132.12 3 1
github.com/xsean2020/simplecache-go/ttl.go:137.2,138.25 2 1
github.com/xsean2020/simplecache-go/ttl.go:151.2,152.38 2 1
github.com/xsean2020/simplecache-go/ttl.go:132.12,135.3 2 1
github.com/xsean2020/simplecache-go/ttl.go:138.25,139.46 1 1
github.com/xsean2020/simplecache-go/ttl.go:145.3,146.57 2 1
github.com/xsean2020/simplecache-go/ttl.go:139.46,142.4 2 0
github.com/xsean2020/simplecache-go/ttl.go:156.29,160.13 4 1
github.com/xsean2020/simplecache-go/ttl.go:160.13,162.3 1 1
github.com/xsean2020/simplecache-go/ttl.go:165.49,167.12 2 1
github.com/xsean2020/simplecache-go/ttl.go:170.2,174.24 5 1
github.com/xsean2020/simplecache-go/ttl.go:179.2,180.19 2 1
github.com/xsean2020/simplecache-go/ttl.go:167.12,169.3 1 1
github.com/xsean2020/simplecache-go/ttl.go:174.24,178.3 3 1
github.com/xsean2020/simplecache-go/ttl.go:184.24,190.28 5 1
github.com/xsean2020/simplecache-go/ttl.go:200.2,201.20 2 1
github.com/xsean2020/simplecache-go/ttl.go:190.28,192.45 1 1
github.com/xsean2020/simplecache-go/ttl.go:192.45,194.15 2 1
github.com/xsean2020/simplecache-go/ttl.go:194.15,197.5 2 0
github.com/xsean2020/simplecache-go/ttl.go:201.20,203.3 1 0
github.com/xsean2020/simplecache-go/ttl.go:209.61,213.2 3 1
github.com/xsean2020/simplecache-go/ttl.go:216.38,221.28 5 0
github.com/xsean2020/simplecache-go/ttl.go:231.2,231.11 1 0
github.com/xsean2020/simplecache-go/ttl.go:221.28,223.23 1 0
github.com/xsean2020/simplecache-go/ttl.go:229.3,229.25 1 0
github.com/xsean2020/simplecache-go/ttl.go:223.23,224.26 1 0
github.com/xsean2020/simplecache-go/ttl.go:224.26,225.13 1 0
github.com/xsean2020/simplecache-go/ttl.go:236.27,241.2 4 1
github.com/xsean2020/simplecache-go/ttl.go:244.52,246.25 2 0
github.com/xsean2020/simplecache-go/ttl.go:249.2,249.12 1 0
github.com/xsean2020/simplecache-go/ttl.go:246.25,248.3 1 0
github.com/xsean2020/simplecache-go/ttl.go:253.25,258.2 4 1
github.com/xsean2020/simplecache-go/ttl.go:260.45,262.6 2 1
github.com/xsean2020/simplecache-go/ttl.go:262.6,263.10 1 1
github.com/xsean2020/simplecache-go/ttl.go:264.19,265.12 1 1
github.com/xsean2020/simplecache-go/ttl.go:266.17,268.10 2 0
github.com/xsean2020/simplecache-go/ttl.go:273.40,274.13 1 1
github.com/xsean2020/simplecache-go/ttl.go:277.2,282.10 2 1
github.com/xsean2020/simplecache-go/ttl.go:274.13,276.3 1 1
github.com/xsean2020/simplecache-go/ttl.go:285.69,288.12 3 1
github.com/xsean2020/simplecache-go/ttl.go:294.2,294.10 1 1
github.com/xsean2020/simplecache-go/ttl.go:288.12,290.42 2 1
github.com/xsean2020/simplecache-go/ttl.go:290.42,292.4 1 0
github.com/xsean2020/simplecache-go/ttl.go:302.67,304.2 1 1
